2019-03-06 22:23:29 INFO  firstFrameWork:19 - URL is Opened
2019-03-06 22:23:34 INFO  firstFrameWork:51 - Given value entered in User Name text box as expected in the application
2019-03-06 22:23:34 INFO  firstFrameWork:51 - Given value entered in Password text box as expected in the application
2019-03-06 22:23:34 INFO  firstFrameWork:30 - The Sign In button displayed as expected in the application
2019-03-06 22:23:35 INFO  firstFrameWork:30 - The Forgot password hyperlink displayed as expected in the application
2019-03-06 22:23:50 ERROR firstFrameWork:39 - The dummy object NOT displayed as expected in the application
2019-03-06 22:26:30 [INFO ] firstFrameWork:19 - URL is Opened
2019-03-06 22:26:35 [INFO ] firstFrameWork:51 - Given value entered in User Name text box as expected in the application
2019-03-06 22:26:35 [INFO ] firstFrameWork:51 - Given value entered in Password text box as expected in the application
2019-03-06 22:26:35 [INFO ] firstFrameWork:30 - The Sign In button displayed as expected in the application
2019-03-06 22:26:36 [INFO ] firstFrameWork:30 - The Forgot password hyperlink displayed as expected in the application
2019-03-06 22:26:51 [ERROR] firstFrameWork:39 - The dummy object NOT displayed as expected in the application
2019-06-17 23:58:25 [INFO ] firstFrameWork:23 - URL is Opened
2019-06-17 23:58:45 [ERROR] firstFrameWork:55 - The User Name NOT displayed as expected in the application
2019-06-17 23:59:00 [ERROR] firstFrameWork:55 - The Password NOT displayed as expected in the application
2019-06-17 23:59:15 [ERROR] firstFrameWork:39 - The Sign In button NOT displayed as expected in the application
2019-06-18 00:00:49 [INFO ] firstFrameWork:23 - URL is Opened
2019-06-18 00:01:09 [ERROR] firstFrameWork:55 - The User Name NOT displayed as expected in the application
2019-06-18 00:01:24 [ERROR] firstFrameWork:55 - The Password NOT displayed as expected in the application
2019-06-18 00:01:39 [ERROR] firstFrameWork:39 - The Sign In button NOT displayed as expected in the application
2019-06-18 00:01:53 [ERROR] firstFrameWork:39 - The Forgot password hyperlink NOT displayed as expected in the application
2019-06-18 00:01:59 [ERROR] firstFrameWork:39 - The dummy object NOT displayed as expected in the application
2019-06-18 00:03:41 [INFO ] firstFrameWork:23 - URL is Opened
2019-06-18 00:04:01 [ERROR] firstFrameWork:55 - The User Name NOT displayed as expected in the application
2019-06-18 00:04:16 [ERROR] firstFrameWork:55 - The Password NOT displayed as expected in the application
2019-06-18 00:04:31 [ERROR] firstFrameWork:39 - The Sign In button NOT displayed as expected in the application
2019-06-18 00:04:46 [ERROR] firstFrameWork:39 - The Forgot password hyperlink NOT displayed as expected in the application
2019-06-18 00:05:01 [ERROR] firstFrameWork:39 - The dummy object NOT displayed as expected in the application
2019-06-18 00:07:07 [INFO ] firstFrameWork:24 - URL is Opened
2019-06-18 00:07:27 [ERROR] firstFrameWork:55 - The User Name NOT displayed as expected in the application
2019-06-18 00:07:42 [ERROR] firstFrameWork:55 - The Password NOT displayed as expected in the application
2019-06-18 00:07:57 [ERROR] firstFrameWork:39 - The Sign In button NOT displayed as expected in the application
2019-06-18 00:08:12 [ERROR] firstFrameWork:39 - The Forgot password hyperlink NOT displayed as expected in the application
2019-06-18 00:08:27 [ERROR] firstFrameWork:39 - The dummy object NOT displayed as expected in the application
2019-06-18 00:12:42 [INFO ] firstFrameWork:24 - URL is Opened
2019-06-18 00:13:02 [ERROR] firstFrameWork:55 - The User Name NOT displayed as expected in the application
2019-06-18 00:13:17 [ERROR] firstFrameWork:55 - The Password NOT displayed as expected in the application
2019-06-18 00:13:33 [ERROR] firstFrameWork:39 - The Sign In button NOT displayed as expected in the application
2019-06-18 00:13:48 [ERROR] firstFrameWork:39 - The Forgot password hyperlink NOT displayed as expected in the application
2019-06-18 00:14:03 [ERROR] firstFrameWork:39 - The dummy object NOT displayed as expected in the application
2019-06-20 20:39:28 [INFO ] firstFrameWork:24 - URL is Opened
2019-06-20 20:39:48 [ERROR] firstFrameWork:55 - The User Name NOT displayed as expected in the application
2019-06-20 20:40:03 [ERROR] firstFrameWork:55 - The Password NOT displayed as expected in the application
2019-06-20 20:40:18 [ERROR] firstFrameWork:39 - The Sign In button NOT displayed as expected in the application
2019-06-20 20:40:33 [ERROR] firstFrameWork:39 - The Forgot password hyperlink NOT displayed as expected in the application
2019-06-20 20:40:49 [ERROR] firstFrameWork:39 - The dummy object NOT displayed as expected in the application
2019-06-20 21:00:35 [INFO ] firstFrameWork:24 - URL is Opened
2019-06-20 21:00:55 [ERROR] firstFrameWork:55 - The User Name NOT displayed as expected in the application
2019-06-20 21:01:10 [ERROR] firstFrameWork:55 - The Password NOT displayed as expected in the application
2019-06-20 21:01:25 [ERROR] firstFrameWork:39 - The Sign In button NOT displayed as expected in the application
2019-06-20 21:01:40 [ERROR] firstFrameWork:39 - The Forgot password hyperlink NOT displayed as expected in the application
2019-06-20 21:01:55 [ERROR] firstFrameWork:39 - The dummy object NOT displayed as expected in the application
2019-06-20 21:16:56 [INFO ] firstFrameWork:24 - URL is Opened
2019-06-20 21:17:18 [ERROR] firstFrameWork:55 - The User Name NOT displayed as expected in the application
2019-06-20 21:17:33 [ERROR] firstFrameWork:55 - The Password NOT displayed as expected in the application
2019-06-20 21:17:48 [ERROR] firstFrameWork:39 - The Sign In button NOT displayed as expected in the application
2019-06-20 21:18:03 [ERROR] firstFrameWork:39 - The Forgot password hyperlink NOT displayed as expected in the application
2019-06-20 21:18:19 [ERROR] firstFrameWork:39 - The dummy object NOT displayed as expected in the application
2019-06-20 23:21:47 [INFO ] firstFrameWork:24 - URL is Opened
2019-06-20 23:22:24 [ERROR] firstFrameWork:55 - The User Name NOT displayed as expected in the application
2019-06-20 23:22:39 [ERROR] firstFrameWork:55 - The Password NOT displayed as expected in the application
2019-06-20 23:22:54 [ERROR] firstFrameWork:39 - The Sign In button NOT displayed as expected in the application
2019-06-20 23:23:09 [ERROR] firstFrameWork:39 - The Forgot password hyperlink NOT displayed as expected in the application
2019-06-20 23:23:24 [ERROR] firstFrameWork:39 - The dummy object NOT displayed as expected in the application
2019-06-20 23:29:26 [INFO ] firstFrameWork:24 - URL is Opened
2019-06-20 23:29:46 [ERROR] firstFrameWork:56 - The User Name NOT displayed as expected in the application
2019-06-20 23:30:01 [ERROR] firstFrameWork:56 - The Password NOT displayed as expected in the application
2019-06-20 23:53:21 [INFO ] firstFrameWork:24 - URL is Opened
2019-06-20 23:53:41 [ERROR] firstFrameWork:56 - The User Name NOT displayed as expected in the application
2019-06-20 23:53:56 [ERROR] firstFrameWork:56 - The Password NOT displayed as expected in the application
2019-06-20 23:55:19 [INFO ] firstFrameWork:24 - URL is Opened
2019-06-20 23:55:40 [ERROR] firstFrameWork:56 - The User Name NOT displayed as expected in the application
2019-06-20 23:55:55 [ERROR] firstFrameWork:56 - The Password NOT displayed as expected in the application
2019-06-26 23:07:55 [INFO ] firstFrameWork:24 - URL is Opened
2019-06-26 23:08:16 [ERROR] firstFrameWork:56 - The User Name NOT displayed as expected in the application
2019-06-26 23:08:31 [ERROR] firstFrameWork:56 - The Password NOT displayed as expected in the application
2019-06-26 23:09:55 [INFO ] firstFrameWork:24 - URL is Opened
2019-06-26 23:10:15 [ERROR] firstFrameWork:56 - The User Name NOT displayed as expected in the application
2019-06-26 23:10:30 [ERROR] firstFrameWork:56 - The Password NOT displayed as expected in the application
2019-06-26 23:18:43 [INFO ] firstFrameWork:24 - URL is Opened
2019-06-26 23:18:49 [INFO ] firstFrameWork:52 - Given value entered in User Name text box as expected in the application
2019-06-26 23:18:49 [INFO ] firstFrameWork:52 - Given value entered in Password text box as expected in the application
2019-06-26 23:23:51 [INFO ] firstFrameWork:24 - URL is Opened
2019-06-26 23:24:11 [ERROR] firstFrameWork:56 - The User Name NOT displayed as expected in the application
2019-06-26 23:24:27 [ERROR] firstFrameWork:56 - The Password NOT displayed as expected in the application
2019-06-26 23:27:04 [INFO ] firstFrameWork:24 - URL is Opened
2019-06-26 23:27:24 [ERROR] firstFrameWork:56 - The User Name NOT displayed as expected in the application
2019-06-26 23:27:39 [ERROR] firstFrameWork:56 - The Password NOT displayed as expected in the application
2019-06-26 23:28:59 [INFO ] firstFrameWork:24 - URL is Opened
2019-06-26 23:29:20 [ERROR] firstFrameWork:56 - The User Name NOT displayed as expected in the application
2019-06-26 23:29:35 [ERROR] firstFrameWork:56 - The Password NOT displayed as expected in the application
2019-07-16 00:20:19 [INFO ] firstFrameWork:24 - URL is Opened
2019-07-16 00:20:40 [ERROR] firstFrameWork:56 - The User Name NOT displayed as expected in the application
2019-07-16 00:20:56 [ERROR] firstFrameWork:56 - The Password NOT displayed as expected in the application
2019-07-16 00:23:34 [INFO ] firstFrameWork:24 - URL is Opened
2019-07-16 00:24:39 [ERROR] firstFrameWork:56 - The User Name NOT displayed as expected in the application
2019-07-16 00:24:54 [ERROR] firstFrameWork:56 - The Password NOT displayed as expected in the application
